Info: *******************************************************************
Info: Running Quartus Prime Analysis & Synthesis
    Info: Version 22.1std.1 Build 917 02/14/2023 SC Standard Edition
    Info: Copyright (C) 2023  Intel Corporation. All rights reserved.
    Info: Your use of Intel Corporation's design tools, logic functions 
    Info: and other software and tools, and any partner logic 
    Info: functions, and any output files from any of the foregoing 
    Info: (including device programming or simulation files), and any 
    Info: associated documentation or information are expressly subject 
    Info: to the terms and conditions of the Intel Program License 
    Info: Subscription Agreement, the Intel Quartus Prime License Agreement,
    Info: the Intel FPGA IP License Agreement, or other applicable license
    Info: agreement, including, without limitation, that your use is for
    Info: the sole purpose of programming logic devices manufactured by
    Info: Intel and sold by Intel or its authorized distributors.  Please
    Info: refer to the applicable agreement for further details, at
    Info: https://fpgasoftware.intel.com/eula.
    Info: Processing started: Wed Nov 29 12:37:41 2023
Info: Command: quartus_map --read_settings_files=on --write_settings_files=off toolflow -c toolflow
Info (125068): Revision "toolflow" was previously opened in Quartus II software version 18.0.0 Standard Edition. Created Quartus Prime Default Settings File /home/nprange/Desktop/Cpre381/381_project_1/Project 1/cpre381-toolflow/internal/QuartusWork/toolflow_assignment_defaults.qdf, which contains the default assignment setting information from Quartus II software version 18.0.0 Standard Edition.
Info (125069): Default assignment values were changed in the current version of the Quartus Prime software -- changes to default assignments values are contained in file /usr/local/quartus/22.1/quartus/linux64/assignment_defaults.qdf
Warning (18236): Number of processors has not been specified which may cause overloading on shared machines.  Set the global assignment NUM_PARALLEL_PROCESSORS in your QSF to an appropriate value for best performance.
Info (20030): Parallel compilation is enabled and will use 12 of the 12 processors detected
Info (12021): Found 2 design units, including 0 entities, in source file /home/nprange/Desktop/Cpre381/381_project_1/Project 1/cpre381-toolflow/proj/src/MIPS_types.vhd
    Info (12022): Found design unit 1: MIPS_types File: /home/nprange/Desktop/Cpre381/381_project_1/Project 1/cpre381-toolflow/proj/src/MIPS_types.vhd Line: 15
    Info (12022): Found design unit 2: MIPS_types-body File: /home/nprange/Desktop/Cpre381/381_project_1/Project 1/cpre381-toolflow/proj/src/MIPS_types.vhd Line: 29
Info (12021): Found 2 design units, including 1 entities, in source file /home/nprange/Desktop/Cpre381/381_project_1/Project 1/cpre381-toolflow/proj/src/TopLevel/ALU.vhd
    Info (12022): Found design unit 1: ALU-structure File: /home/nprange/Desktop/Cpre381/381_project_1/Project 1/cpre381-toolflow/proj/src/TopLevel/ALU.vhd Line: 17
    Info (12023): Found entity 1: ALU File: /home/nprange/Desktop/Cpre381/381_project_1/Project 1/cpre381-toolflow/proj/src/TopLevel/ALU.vhd Line: 4
Info (12021): Found 2 design units, including 1 entities, in source file /home/nprange/Desktop/Cpre381/381_project_1/Project 1/cpre381-toolflow/proj/src/TopLevel/AddSub.vhd
    Info (12022): Found design unit 1: AddSub-structure File: /home/nprange/Desktop/Cpre381/381_project_1/Project 1/cpre381-toolflow/proj/src/TopLevel/AddSub.vhd Line: 15
    Info (12023): Found entity 1: AddSub File: /home/nprange/Desktop/Cpre381/381_project_1/Project 1/cpre381-toolflow/proj/src/TopLevel/AddSub.vhd Line: 4
Info (12021): Found 2 design units, including 1 entities, in source file /home/nprange/Desktop/Cpre381/381_project_1/Project 1/cpre381-toolflow/proj/src/TopLevel/Adder.vhd
    Info (12022): Found design unit 1: Adder-structure File: /home/nprange/Desktop/Cpre381/381_project_1/Project 1/cpre381-toolflow/proj/src/TopLevel/Adder.vhd Line: 13
    Info (12023): Found entity 1: Adder File: /home/nprange/Desktop/Cpre381/381_project_1/Project 1/cpre381-toolflow/proj/src/TopLevel/Adder.vhd Line: 4
Info (12021): Found 2 design units, including 1 entities, in source file /home/nprange/Desktop/Cpre381/381_project_1/Project 1/cpre381-toolflow/proj/src/TopLevel/AdderStructural.vhd
    Info (12022): Found design unit 1: AdderStructural-structure File: /home/nprange/Desktop/Cpre381/381_project_1/Project 1/cpre381-toolflow/proj/src/TopLevel/AdderStructural.vhd Line: 15
    Info (12023): Found entity 1: AdderStructural File: /home/nprange/Desktop/Cpre381/381_project_1/Project 1/cpre381-toolflow/proj/src/TopLevel/AdderStructural.vhd Line: 5
Info (12021): Found 2 design units, including 1 entities, in source file /home/nprange/Desktop/Cpre381/381_project_1/Project 1/cpre381-toolflow/proj/src/TopLevel/Adder_N.vhd
    Info (12022): Found design unit 1: Adder_N-structure File: /home/nprange/Desktop/Cpre381/381_project_1/Project 1/cpre381-toolflow/proj/src/TopLevel/Adder_N.vhd Line: 14
    Info (12023): Found entity 1: Adder_N File: /home/nprange/Desktop/Cpre381/381_project_1/Project 1/cpre381-toolflow/proj/src/TopLevel/Adder_N.vhd Line: 4
Info (12021): Found 2 design units, including 1 entities, in source file /home/nprange/Desktop/Cpre381/381_project_1/Project 1/cpre381-toolflow/proj/src/TopLevel/MIPS_Processor.vhd
    Info (12022): Found design unit 1: MIPS_Processor-structure File: /home/nprange/Desktop/Cpre381/381_project_1/Project 1/cpre381-toolflow/proj/src/TopLevel/MIPS_Processor.vhd Line: 35
    Info (12023): Found entity 1: MIPS_Processor File: /home/nprange/Desktop/Cpre381/381_project_1/Project 1/cpre381-toolflow/proj/src/TopLevel/MIPS_Processor.vhd Line: 23
Info (12021): Found 2 design units, including 1 entities, in source file /home/nprange/Desktop/Cpre381/381_project_1/Project 1/cpre381-toolflow/proj/src/TopLevel/OnesComp.vhd
    Info (12022): Found design unit 1: OnesComp-structural File: /home/nprange/Desktop/Cpre381/381_project_1/Project 1/cpre381-toolflow/proj/src/TopLevel/OnesComp.vhd Line: 11
    Info (12023): Found entity 1: OnesComp File: /home/nprange/Desktop/Cpre381/381_project_1/Project 1/cpre381-toolflow/proj/src/TopLevel/OnesComp.vhd Line: 4
Info (12021): Found 2 design units, including 1 entities, in source file /home/nprange/Desktop/Cpre381/381_project_1/Project 1/cpre381-toolflow/proj/src/TopLevel/PCadd4.vhd
    Info (12022): Found design unit 1: PCandAdd-mixed File: /home/nprange/Desktop/Cpre381/381_project_1/Project 1/cpre381-toolflow/proj/src/TopLevel/PCadd4.vhd Line: 12
    Info (12023): Found entity 1: PCandAdd File: /home/nprange/Desktop/Cpre381/381_project_1/Project 1/cpre381-toolflow/proj/src/TopLevel/PCadd4.vhd Line: 4
Info (12021): Found 2 design units, including 1 entities, in source file /home/nprange/Desktop/Cpre381/381_project_1/Project 1/cpre381-toolflow/proj/src/TopLevel/RegisterFile.vhd
    Info (12022): Found design unit 1: RegisterFile-structure File: /home/nprange/Desktop/Cpre381/381_project_1/Project 1/cpre381-toolflow/proj/src/TopLevel/RegisterFile.vhd Line: 18
    Info (12023): Found entity 1: RegisterFile File: /home/nprange/Desktop/Cpre381/381_project_1/Project 1/cpre381-toolflow/proj/src/TopLevel/RegisterFile.vhd Line: 4
Info (12021): Found 2 design units, including 1 entities, in source file /home/nprange/Desktop/Cpre381/381_project_1/Project 1/cpre381-toolflow/proj/src/TopLevel/aluctrl.vhd
    Info (12022): Found design unit 1: aluctrl-behavior File: /home/nprange/Desktop/Cpre381/381_project_1/Project 1/cpre381-toolflow/proj/src/TopLevel/aluctrl.vhd Line: 16
    Info (12023): Found entity 1: aluctrl File: /home/nprange/Desktop/Cpre381/381_project_1/Project 1/cpre381-toolflow/proj/src/TopLevel/aluctrl.vhd Line: 4
Info (12021): Found 2 design units, including 1 entities, in source file /home/nprange/Desktop/Cpre381/381_project_1/Project 1/cpre381-toolflow/proj/src/TopLevel/and32.vhd
    Info (12022): Found design unit 1: and32-dataflow File: /home/nprange/Desktop/Cpre381/381_project_1/Project 1/cpre381-toolflow/proj/src/TopLevel/and32.vhd Line: 12
    Info (12023): Found entity 1: and32 File: /home/nprange/Desktop/Cpre381/381_project_1/Project 1/cpre381-toolflow/proj/src/TopLevel/and32.vhd Line: 4
Info (12021): Found 2 design units, including 1 entities, in source file /home/nprange/Desktop/Cpre381/381_project_1/Project 1/cpre381-toolflow/proj/src/TopLevel/andg2.vhd
    Info (12022): Found design unit 1: andg2-dataflow File: /home/nprange/Desktop/Cpre381/381_project_1/Project 1/cpre381-toolflow/proj/src/TopLevel/andg2.vhd Line: 31
    Info (12023): Found entity 1: andg2 File: /home/nprange/Desktop/Cpre381/381_project_1/Project 1/cpre381-toolflow/proj/src/TopLevel/andg2.vhd Line: 23
Info (12021): Found 2 design units, including 1 entities, in source file /home/nprange/Desktop/Cpre381/381_project_1/Project 1/cpre381-toolflow/proj/src/TopLevel/barrelshifter.vhd
    Info (12022): Found design unit 1: barrelshifter-dataflow File: /home/nprange/Desktop/Cpre381/381_project_1/Project 1/cpre381-toolflow/proj/src/TopLevel/barrelshifter.vhd Line: 15
    Info (12023): Found entity 1: barrelshifter File: /home/nprange/Desktop/Cpre381/381_project_1/Project 1/cpre381-toolflow/proj/src/TopLevel/barrelshifter.vhd Line: 5
Info (12021): Found 2 design units, including 1 entities, in source file /home/nprange/Desktop/Cpre381/381_project_1/Project 1/cpre381-toolflow/proj/src/TopLevel/brnchAdd.vhd
    Info (12022): Found design unit 1: brnchAdd-mixed File: /home/nprange/Desktop/Cpre381/381_project_1/Project 1/cpre381-toolflow/proj/src/TopLevel/brnchAdd.vhd Line: 10
    Info (12023): Found entity 1: brnchAdd File: /home/nprange/Desktop/Cpre381/381_project_1/Project 1/cpre381-toolflow/proj/src/TopLevel/brnchAdd.vhd Line: 4
Info (12021): Found 2 design units, including 1 entities, in source file /home/nprange/Desktop/Cpre381/381_project_1/Project 1/cpre381-toolflow/proj/src/TopLevel/comp.vhd
    Info (12022): Found design unit 1: comp-dataflow File: /home/nprange/Desktop/Cpre381/381_project_1/Project 1/cpre381-toolflow/proj/src/TopLevel/comp.vhd Line: 10
    Info (12023): Found entity 1: comp File: /home/nprange/Desktop/Cpre381/381_project_1/Project 1/cpre381-toolflow/proj/src/TopLevel/comp.vhd Line: 4
Info (12021): Found 2 design units, including 1 entities, in source file /home/nprange/Desktop/Cpre381/381_project_1/Project 1/cpre381-toolflow/proj/src/TopLevel/controlLogic.vhd
    Info (12022): Found design unit 1: CntLogic-mixed File: /home/nprange/Desktop/Cpre381/381_project_1/Project 1/cpre381-toolflow/proj/src/TopLevel/controlLogic.vhd Line: 22
    Info (12023): Found entity 1: CntLogic File: /home/nprange/Desktop/Cpre381/381_project_1/Project 1/cpre381-toolflow/proj/src/TopLevel/controlLogic.vhd Line: 4
Info (12021): Found 2 design units, including 1 entities, in source file /home/nprange/Desktop/Cpre381/381_project_1/Project 1/cpre381-toolflow/proj/src/TopLevel/dec5t32.vhd
    Info (12022): Found design unit 1: dec5t32-o_O File: /home/nprange/Desktop/Cpre381/381_project_1/Project 1/cpre381-toolflow/proj/src/TopLevel/dec5t32.vhd Line: 11
    Info (12023): Found entity 1: dec5t32 File: /home/nprange/Desktop/Cpre381/381_project_1/Project 1/cpre381-toolflow/proj/src/TopLevel/dec5t32.vhd Line: 4
Info (12021): Found 2 design units, including 1 entities, in source file /home/nprange/Desktop/Cpre381/381_project_1/Project 1/cpre381-toolflow/proj/src/TopLevel/dffg.vhd
    Info (12022): Found design unit 1: dffg-mixed File: /home/nprange/Desktop/Cpre381/381_project_1/Project 1/cpre381-toolflow/proj/src/TopLevel/dffg.vhd Line: 33
    Info (12023): Found entity 1: dffg File: /home/nprange/Desktop/Cpre381/381_project_1/Project 1/cpre381-toolflow/proj/src/TopLevel/dffg.vhd Line: 23
Info (12021): Found 2 design units, including 1 entities, in source file /home/nprange/Desktop/Cpre381/381_project_1/Project 1/cpre381-toolflow/proj/src/TopLevel/extender.vhd
    Info (12022): Found design unit 1: extender-dataflow File: /home/nprange/Desktop/Cpre381/381_project_1/Project 1/cpre381-toolflow/proj/src/TopLevel/extender.vhd Line: 10
    Info (12023): Found entity 1: extender File: /home/nprange/Desktop/Cpre381/381_project_1/Project 1/cpre381-toolflow/proj/src/TopLevel/extender.vhd Line: 4
Info (12021): Found 2 design units, including 1 entities, in source file /home/nprange/Desktop/Cpre381/381_project_1/Project 1/cpre381-toolflow/proj/src/TopLevel/fetchLogic.vhd
    Info (12022): Found design unit 1: fetchLogic-mixed File: /home/nprange/Desktop/Cpre381/381_project_1/Project 1/cpre381-toolflow/proj/src/TopLevel/fetchLogic.vhd Line: 17
    Info (12023): Found entity 1: fetchLogic File: /home/nprange/Desktop/Cpre381/381_project_1/Project 1/cpre381-toolflow/proj/src/TopLevel/fetchLogic.vhd Line: 4
Info (12021): Found 2 design units, including 1 entities, in source file /home/nprange/Desktop/Cpre381/381_project_1/Project 1/cpre381-toolflow/proj/src/TopLevel/invg.vhd
    Info (12022): Found design unit 1: invg-dataflow File: /home/nprange/Desktop/Cpre381/381_project_1/Project 1/cpre381-toolflow/proj/src/TopLevel/invg.vhd Line: 30
    Info (12023): Found entity 1: invg File: /home/nprange/Desktop/Cpre381/381_project_1/Project 1/cpre381-toolflow/proj/src/TopLevel/invg.vhd Line: 23
Info (12021): Found 2 design units, including 1 entities, in source file /home/nprange/Desktop/Cpre381/381_project_1/Project 1/cpre381-toolflow/proj/src/TopLevel/jumpAdd.vhd
    Info (12022): Found design unit 1: jumpAdd-dataflow File: /home/nprange/Desktop/Cpre381/381_project_1/Project 1/cpre381-toolflow/proj/src/TopLevel/jumpAdd.vhd Line: 10
    Info (12023): Found entity 1: jumpAdd File: /home/nprange/Desktop/Cpre381/381_project_1/Project 1/cpre381-toolflow/proj/src/TopLevel/jumpAdd.vhd Line: 4
Info (12021): Found 2 design units, including 1 entities, in source file /home/nprange/Desktop/Cpre381/381_project_1/Project 1/cpre381-toolflow/proj/src/TopLevel/lui.vhd
    Info (12022): Found design unit 1: lui-dataflow File: /home/nprange/Desktop/Cpre381/381_project_1/Project 1/cpre381-toolflow/proj/src/TopLevel/lui.vhd Line: 10
    Info (12023): Found entity 1: lui File: /home/nprange/Desktop/Cpre381/381_project_1/Project 1/cpre381-toolflow/proj/src/TopLevel/lui.vhd Line: 4
Info (12021): Found 2 design units, including 1 entities, in source file /home/nprange/Desktop/Cpre381/381_project_1/Project 1/cpre381-toolflow/proj/src/TopLevel/mem.vhd
    Info (12022): Found design unit 1: mem-rtl File: /home/nprange/Desktop/Cpre381/381_project_1/Project 1/cpre381-toolflow/proj/src/TopLevel/mem.vhd Line: 27
    Info (12023): Found entity 1: mem File: /home/nprange/Desktop/Cpre381/381_project_1/Project 1/cpre381-toolflow/proj/src/TopLevel/mem.vhd Line: 8
Info (12021): Found 2 design units, including 1 entities, in source file /home/nprange/Desktop/Cpre381/381_project_1/Project 1/cpre381-toolflow/proj/src/TopLevel/mux2t1.vhd
    Info (12022): Found design unit 1: mux2t1-structure File: /home/nprange/Desktop/Cpre381/381_project_1/Project 1/cpre381-toolflow/proj/src/TopLevel/mux2t1.vhd Line: 13
    Info (12023): Found entity 1: mux2t1 File: /home/nprange/Desktop/Cpre381/381_project_1/Project 1/cpre381-toolflow/proj/src/TopLevel/mux2t1.vhd Line: 5
Info (12021): Found 2 design units, including 1 entities, in source file /home/nprange/Desktop/Cpre381/381_project_1/Project 1/cpre381-toolflow/proj/src/TopLevel/mux2t1_5.vhd
    Info (12022): Found design unit 1: mux2t1_5-dataflow File: /home/nprange/Desktop/Cpre381/381_project_1/Project 1/cpre381-toolflow/proj/src/TopLevel/mux2t1_5.vhd Line: 30
    Info (12023): Found entity 1: mux2t1_5 File: /home/nprange/Desktop/Cpre381/381_project_1/Project 1/cpre381-toolflow/proj/src/TopLevel/mux2t1_5.vhd Line: 21
Info (12021): Found 2 design units, including 1 entities, in source file /home/nprange/Desktop/Cpre381/381_project_1/Project 1/cpre381-toolflow/proj/src/TopLevel/mux2t1_N.vhd
    Info (12022): Found design unit 1: mux2t1_N-dataflow File: /home/nprange/Desktop/Cpre381/381_project_1/Project 1/cpre381-toolflow/proj/src/TopLevel/mux2t1_N.vhd Line: 30
    Info (12023): Found entity 1: mux2t1_N File: /home/nprange/Desktop/Cpre381/381_project_1/Project 1/cpre381-toolflow/proj/src/TopLevel/mux2t1_N.vhd Line: 21
Info (12021): Found 2 design units, including 1 entities, in source file /home/nprange/Desktop/Cpre381/381_project_1/Project 1/cpre381-toolflow/proj/src/TopLevel/mux32t1.vhd
    Info (12022): Found design unit 1: mux32t1-o_Out File: /home/nprange/Desktop/Cpre381/381_project_1/Project 1/cpre381-toolflow/proj/src/TopLevel/mux32t1.vhd Line: 41
    Info (12023): Found entity 1: mux32t1 File: /home/nprange/Desktop/Cpre381/381_project_1/Project 1/cpre381-toolflow/proj/src/TopLevel/mux32t1.vhd Line: 4
Info (12021): Found 2 design units, including 1 entities, in source file /home/nprange/Desktop/Cpre381/381_project_1/Project 1/cpre381-toolflow/proj/src/TopLevel/nAdder.vhd
    Info (12022): Found design unit 1: nAdder-structure File: /home/nprange/Desktop/Cpre381/381_project_1/Project 1/cpre381-toolflow/proj/src/TopLevel/nAdder.vhd Line: 15
    Info (12023): Found entity 1: nAdder File: /home/nprange/Desktop/Cpre381/381_project_1/Project 1/cpre381-toolflow/proj/src/TopLevel/nAdder.vhd Line: 4
Info (12021): Found 2 design units, including 1 entities, in source file /home/nprange/Desktop/Cpre381/381_project_1/Project 1/cpre381-toolflow/proj/src/TopLevel/newdff.vhd
    Info (12022): Found design unit 1: newdff-mixed File: /home/nprange/Desktop/Cpre381/381_project_1/Project 1/cpre381-toolflow/proj/src/TopLevel/newdff.vhd Line: 14
    Info (12023): Found entity 1: newdff File: /home/nprange/Desktop/Cpre381/381_project_1/Project 1/cpre381-toolflow/proj/src/TopLevel/newdff.vhd Line: 4
Info (12021): Found 2 design units, including 1 entities, in source file /home/nprange/Desktop/Cpre381/381_project_1/Project 1/cpre381-toolflow/proj/src/TopLevel/nor32.vhd
    Info (12022): Found design unit 1: nor32-dataflow File: /home/nprange/Desktop/Cpre381/381_project_1/Project 1/cpre381-toolflow/proj/src/TopLevel/nor32.vhd Line: 12
    Info (12023): Found entity 1: nor32 File: /home/nprange/Desktop/Cpre381/381_project_1/Project 1/cpre381-toolflow/proj/src/TopLevel/nor32.vhd Line: 4
Info (12021): Found 2 design units, including 1 entities, in source file /home/nprange/Desktop/Cpre381/381_project_1/Project 1/cpre381-toolflow/proj/src/TopLevel/nor32to1.vhd
    Info (12022): Found design unit 1: nor32to1-behavior File: /home/nprange/Desktop/Cpre381/381_project_1/Project 1/cpre381-toolflow/proj/src/TopLevel/nor32to1.vhd Line: 10
    Info (12023): Found entity 1: nor32to1 File: /home/nprange/Desktop/Cpre381/381_project_1/Project 1/cpre381-toolflow/proj/src/TopLevel/nor32to1.vhd Line: 4
Info (12021): Found 2 design units, including 1 entities, in source file /home/nprange/Desktop/Cpre381/381_project_1/Project 1/cpre381-toolflow/proj/src/TopLevel/or32.vhd
    Info (12022): Found design unit 1: or32-dataflow File: /home/nprange/Desktop/Cpre381/381_project_1/Project 1/cpre381-toolflow/proj/src/TopLevel/or32.vhd Line: 12
    Info (12023): Found entity 1: or32 File: /home/nprange/Desktop/Cpre381/381_project_1/Project 1/cpre381-toolflow/proj/src/TopLevel/or32.vhd Line: 4
Info (12021): Found 2 design units, including 1 entities, in source file /home/nprange/Desktop/Cpre381/381_project_1/Project 1/cpre381-toolflow/proj/src/TopLevel/org2.vhd
    Info (12022): Found design unit 1: org2-dataflow File: /home/nprange/Desktop/Cpre381/381_project_1/Project 1/cpre381-toolflow/proj/src/TopLevel/org2.vhd Line: 31
    Info (12023): Found entity 1: org2 File: /home/nprange/Desktop/Cpre381/381_project_1/Project 1/cpre381-toolflow/proj/src/TopLevel/org2.vhd Line: 23
Info (12021): Found 2 design units, including 1 entities, in source file /home/nprange/Desktop/Cpre381/381_project_1/Project 1/cpre381-toolflow/proj/src/TopLevel/reg_N.vhd
    Info (12022): Found design unit 1: reg_N-structure File: /home/nprange/Desktop/Cpre381/381_project_1/Project 1/cpre381-toolflow/proj/src/TopLevel/reg_N.vhd Line: 12
    Info (12023): Found entity 1: reg_N File: /home/nprange/Desktop/Cpre381/381_project_1/Project 1/cpre381-toolflow/proj/src/TopLevel/reg_N.vhd Line: 4
Info (12021): Found 2 design units, including 1 entities, in source file /home/nprange/Desktop/Cpre381/381_project_1/Project 1/cpre381-toolflow/proj/src/TopLevel/sign_extender.vhd
    Info (12022): Found design unit 1: sign_extender-behavior File: /home/nprange/Desktop/Cpre381/381_project_1/Project 1/cpre381-toolflow/proj/src/TopLevel/sign_extender.vhd Line: 11
    Info (12023): Found entity 1: sign_extender File: /home/nprange/Desktop/Cpre381/381_project_1/Project 1/cpre381-toolflow/proj/src/TopLevel/sign_extender.vhd Line: 4
Info (12021): Found 2 design units, including 1 entities, in source file /home/nprange/Desktop/Cpre381/381_project_1/Project 1/cpre381-toolflow/proj/src/TopLevel/xor32.vhd
    Info (12022): Found design unit 1: xor32-dataflow File: /home/nprange/Desktop/Cpre381/381_project_1/Project 1/cpre381-toolflow/proj/src/TopLevel/xor32.vhd Line: 12
    Info (12023): Found entity 1: xor32 File: /home/nprange/Desktop/Cpre381/381_project_1/Project 1/cpre381-toolflow/proj/src/TopLevel/xor32.vhd Line: 4
Info (12021): Found 2 design units, including 1 entities, in source file /home/nprange/Desktop/Cpre381/381_project_1/Project 1/cpre381-toolflow/proj/src/TopLevel/xorg2.vhd
    Info (12022): Found design unit 1: xorg2-dataflow File: /home/nprange/Desktop/Cpre381/381_project_1/Project 1/cpre381-toolflow/proj/src/TopLevel/xorg2.vhd Line: 31
    Info (12023): Found entity 1: xorg2 File: /home/nprange/Desktop/Cpre381/381_project_1/Project 1/cpre381-toolflow/proj/src/TopLevel/xorg2.vhd Line: 23
Info (12127): Elaborating entity "MIPS_Processor" for the top level hierarchy
Warning (10036): Verilog HDL or VHDL warning at MIPS_Processor.vhd(54): object "s_Halt" assigned a value but never read File: /home/nprange/Desktop/Cpre381/381_project_1/Project 1/cpre381-toolflow/proj/src/TopLevel/MIPS_Processor.vhd Line: 54
Warning (10036): Verilog HDL or VHDL warning at MIPS_Processor.vhd(57): object "s_Ovfl" assigned a value but never read File: /home/nprange/Desktop/Cpre381/381_project_1/Project 1/cpre381-toolflow/proj/src/TopLevel/MIPS_Processor.vhd Line: 57
Info (12128): Elaborating entity "mem" for hierarchy "mem:IMem" File: /home/nprange/Desktop/Cpre381/381_project_1/Project 1/cpre381-toolflow/proj/src/TopLevel/MIPS_Processor.vhd Line: 189
Info (12128): Elaborating entity "mux2t1_5" for hierarchy "mux2t1_5:regread1" File: /home/nprange/Desktop/Cpre381/381_project_1/Project 1/cpre381-toolflow/proj/src/TopLevel/MIPS_Processor.vhd Line: 213
Info (12128): Elaborating entity "RegisterFile" for hierarchy "RegisterFile:g_RegisterFile" File: /home/nprange/Desktop/Cpre381/381_project_1/Project 1/cpre381-toolflow/proj/src/TopLevel/MIPS_Processor.vhd Line: 219
Info (12128): Elaborating entity "dec5t32" for hierarchy "RegisterFile:g_RegisterFile|dec5t32:decode" File: /home/nprange/Desktop/Cpre381/381_project_1/Project 1/cpre381-toolflow/proj/src/TopLevel/RegisterFile.vhd Line: 105
Info (12128): Elaborating entity "reg_N" for hierarchy "RegisterFile:g_RegisterFile|reg_N:reg0" File: /home/nprange/Desktop/Cpre381/381_project_1/Project 1/cpre381-toolflow/proj/src/TopLevel/RegisterFile.vhd Line: 110
Info (12128): Elaborating entity "dffg" for hierarchy "RegisterFile:g_RegisterFile|reg_N:reg0|dffg:\G_NBit_REG:0:Reg" File: /home/nprange/Desktop/Cpre381/381_project_1/Project 1/cpre381-toolflow/proj/src/TopLevel/reg_N.vhd Line: 22
Info (12128): Elaborating entity "mux32t1" for hierarchy "RegisterFile:g_RegisterFile|mux32t1:muxA" File: /home/nprange/Desktop/Cpre381/381_project_1/Project 1/cpre381-toolflow/proj/src/TopLevel/RegisterFile.vhd Line: 334
Info (12128): Elaborating entity "mux2t1_N" for hierarchy "mux2t1_N:AluRead1" File: /home/nprange/Desktop/Cpre381/381_project_1/Project 1/cpre381-toolflow/proj/src/TopLevel/MIPS_Processor.vhd Line: 233
Info (12128): Elaborating entity "ALU" for hierarchy "ALU:g_ALU" File: /home/nprange/Desktop/Cpre381/381_project_1/Project 1/cpre381-toolflow/proj/src/TopLevel/MIPS_Processor.vhd Line: 246
Info (12128): Elaborating entity "and32" for hierarchy "ALU:g_ALU|and32:g_and32" File: /home/nprange/Desktop/Cpre381/381_project_1/Project 1/cpre381-toolflow/proj/src/TopLevel/ALU.vhd Line: 129
Info (12128): Elaborating entity "or32" for hierarchy "ALU:g_ALU|or32:g_or32" File: /home/nprange/Desktop/Cpre381/381_project_1/Project 1/cpre381-toolflow/proj/src/TopLevel/ALU.vhd Line: 135
Info (12128): Elaborating entity "nor32" for hierarchy "ALU:g_ALU|nor32:g_nor32" File: /home/nprange/Desktop/Cpre381/381_project_1/Project 1/cpre381-toolflow/proj/src/TopLevel/ALU.vhd Line: 141
Info (12128): Elaborating entity "xor32" for hierarchy "ALU:g_ALU|xor32:g_xor32" File: /home/nprange/Desktop/Cpre381/381_project_1/Project 1/cpre381-toolflow/proj/src/TopLevel/ALU.vhd Line: 147
Info (12128): Elaborating entity "lui" for hierarchy "ALU:g_ALU|lui:g_lui" File: /home/nprange/Desktop/Cpre381/381_project_1/Project 1/cpre381-toolflow/proj/src/TopLevel/ALU.vhd Line: 153
Info (12128): Elaborating entity "aluctrl" for hierarchy "ALU:g_ALU|aluctrl:g_aluctrl" File: /home/nprange/Desktop/Cpre381/381_project_1/Project 1/cpre381-toolflow/proj/src/TopLevel/ALU.vhd Line: 159
Info (12128): Elaborating entity "AddSub" for hierarchy "ALU:g_ALU|AddSub:g_adder" File: /home/nprange/Desktop/Cpre381/381_project_1/Project 1/cpre381-toolflow/proj/src/TopLevel/ALU.vhd Line: 171
Info (12128): Elaborating entity "OnesComp" for hierarchy "ALU:g_ALU|AddSub:g_adder|OnesComp:g_Negate" File: /home/nprange/Desktop/Cpre381/381_project_1/Project 1/cpre381-toolflow/proj/src/TopLevel/AddSub.vhd Line: 49
Info (12128): Elaborating entity "invg" for hierarchy "ALU:g_ALU|AddSub:g_adder|OnesComp:g_Negate|invg:\G_NBit_INV:0:g_Not" File: /home/nprange/Desktop/Cpre381/381_project_1/Project 1/cpre381-toolflow/proj/src/TopLevel/OnesComp.vhd Line: 23
Info (12128): Elaborating entity "nAdder" for hierarchy "ALU:g_ALU|AddSub:g_adder|nAdder:g_Adder" File: /home/nprange/Desktop/Cpre381/381_project_1/Project 1/cpre381-toolflow/proj/src/TopLevel/AddSub.vhd Line: 61
Info (12128): Elaborating entity "AdderStructural" for hierarchy "ALU:g_ALU|AddSub:g_adder|nAdder:g_Adder|AdderStructural:\G_NBit_ADD:0:g_nAdder" File: /home/nprange/Desktop/Cpre381/381_project_1/Project 1/cpre381-toolflow/proj/src/TopLevel/nAdder.vhd Line: 34
Info (12128): Elaborating entity "xorg2" for hierarchy "ALU:g_ALU|AddSub:g_adder|nAdder:g_Adder|AdderStructural:\G_NBit_ADD:0:g_nAdder|xorg2:g_Xor1" File: /home/nprange/Desktop/Cpre381/381_project_1/Project 1/cpre381-toolflow/proj/src/TopLevel/AdderStructural.vhd Line: 48
Info (12128): Elaborating entity "andg2" for hierarchy "ALU:g_ALU|AddSub:g_adder|nAdder:g_Adder|AdderStructural:\G_NBit_ADD:0:g_nAdder|andg2:g_And1" File: /home/nprange/Desktop/Cpre381/381_project_1/Project 1/cpre381-toolflow/proj/src/TopLevel/AdderStructural.vhd Line: 53
Info (12128): Elaborating entity "org2" for hierarchy "ALU:g_ALU|AddSub:g_adder|nAdder:g_Adder|AdderStructural:\G_NBit_ADD:0:g_nAdder|org2:g_Or1" File: /home/nprange/Desktop/Cpre381/381_project_1/Project 1/cpre381-toolflow/proj/src/TopLevel/AdderStructural.vhd Line: 77
Info (12128): Elaborating entity "barrelshifter" for hierarchy "ALU:g_ALU|barrelshifter:g_shifter" File: /home/nprange/Desktop/Cpre381/381_project_1/Project 1/cpre381-toolflow/proj/src/TopLevel/ALU.vhd Line: 180
Info (12128): Elaborating entity "comp" for hierarchy "ALU:g_ALU|comp:g_comp" File: /home/nprange/Desktop/Cpre381/381_project_1/Project 1/cpre381-toolflow/proj/src/TopLevel/ALU.vhd Line: 189
Info (12128): Elaborating entity "mux2t1_N" for hierarchy "ALU:g_ALU|mux2t1_N:g_mux0" File: /home/nprange/Desktop/Cpre381/381_project_1/Project 1/cpre381-toolflow/proj/src/TopLevel/ALU.vhd Line: 195
Info (12128): Elaborating entity "nor32to1" for hierarchy "ALU:g_ALU|nor32to1:g_nor32to1" File: /home/nprange/Desktop/Cpre381/381_project_1/Project 1/cpre381-toolflow/proj/src/TopLevel/ALU.vhd Line: 258
Info (12128): Elaborating entity "extender" for hierarchy "extender:signExtender" File: /home/nprange/Desktop/Cpre381/381_project_1/Project 1/cpre381-toolflow/proj/src/TopLevel/MIPS_Processor.vhd Line: 268
Info (12128): Elaborating entity "fetchLogic" for hierarchy "fetchLogic:fetch" File: /home/nprange/Desktop/Cpre381/381_project_1/Project 1/cpre381-toolflow/proj/src/TopLevel/MIPS_Processor.vhd Line: 286
Info (12128): Elaborating entity "PCandAdd" for hierarchy "fetchLogic:fetch|PCandAdd:pc" File: /home/nprange/Desktop/Cpre381/381_project_1/Project 1/cpre381-toolflow/proj/src/TopLevel/fetchLogic.vhd Line: 46
Info (12128): Elaborating entity "newdff" for hierarchy "fetchLogic:fetch|PCandAdd:pc|newdff:Reg" File: /home/nprange/Desktop/Cpre381/381_project_1/Project 1/cpre381-toolflow/proj/src/TopLevel/PCadd4.vhd Line: 35
Info (12128): Elaborating entity "Adder_N" for hierarchy "fetchLogic:fetch|PCandAdd:pc|Adder_N:Add" File: /home/nprange/Desktop/Cpre381/381_project_1/Project 1/cpre381-toolflow/proj/src/TopLevel/PCadd4.vhd Line: 42
Info (12128): Elaborating entity "Adder" for hierarchy "fetchLogic:fetch|PCandAdd:pc|Adder_N:Add|Adder:\G_NBit_Adder:0:DUT" File: /home/nprange/Desktop/Cpre381/381_project_1/Project 1/cpre381-toolflow/proj/src/TopLevel/Adder_N.vhd Line: 29
Info (12128): Elaborating entity "brnchAdd" for hierarchy "fetchLogic:fetch|brnchAdd:brch" File: /home/nprange/Desktop/Cpre381/381_project_1/Project 1/cpre381-toolflow/proj/src/TopLevel/fetchLogic.vhd Line: 53
Info (12128): Elaborating entity "jumpAdd" for hierarchy "fetchLogic:fetch|jumpAdd:jump" File: /home/nprange/Desktop/Cpre381/381_project_1/Project 1/cpre381-toolflow/proj/src/TopLevel/fetchLogic.vhd Line: 58
Info (12128): Elaborating entity "CntLogic" for hierarchy "CntLogic:control" File: /home/nprange/Desktop/Cpre381/381_project_1/Project 1/cpre381-toolflow/proj/src/TopLevel/MIPS_Processor.vhd Line: 298
Info (276014): Found 2 instances of uninferred RAM logic
    Info (276007): RAM logic "mem:IMem|ram" is uninferred due to asynchronous read logic File: /home/nprange/Desktop/Cpre381/381_project_1/Project 1/cpre381-toolflow/proj/src/TopLevel/mem.vhd Line: 35
    Info (276007): RAM logic "mem:DMem|ram" is uninferred due to asynchronous read logic File: /home/nprange/Desktop/Cpre381/381_project_1/Project 1/cpre381-toolflow/proj/src/TopLevel/mem.vhd Line: 35
Warning (276002): Cannot convert all sets of registers into RAM megafunctions when creating nodes; therefore, the resulting number of registers remaining in design can cause longer compilation time or result in insufficient memory to complete Analysis and Synthesis
Info (13000): Registers with preset signals will power-up high File: /home/nprange/Desktop/Cpre381/381_project_1/Project 1/cpre381-toolflow/proj/src/TopLevel/newdff.vhd Line: 34
Info (13003): DEV_CLRn pin will set, and not reset, register with preset signal due to NOT Gate Push-Back
Info (286030): Timing-Driven Synthesis is running
Info (16010): Generating hard_block partition "hard_block:auto_generated_inst"
    Info (16011): Adding 0 node(s), including 0 DDIO, 0 PLL, 0 transceiver and 0 LCELL
Warning (21074): Design contains 22 input pin(s) that do not drive logic
    Warning (15610): No output dependent on input pin "iInstAddr[0]" File: /home/nprange/Desktop/Cpre381/381_project_1/Project 1/cpre381-toolflow/proj/src/TopLevel/MIPS_Processor.vhd Line: 28
    Warning (15610): No output dependent on input pin "iInstAddr[1]" File: /home/nprange/Desktop/Cpre381/381_project_1/Project 1/cpre381-toolflow/proj/src/TopLevel/MIPS_Processor.vhd Line: 28
    Warning (15610): No output dependent on input pin "iInstAddr[12]" File: /home/nprange/Desktop/Cpre381/381_project_1/Project 1/cpre381-toolflow/proj/src/TopLevel/MIPS_Processor.vhd Line: 28
    Warning (15610): No output dependent on input pin "iInstAddr[13]" File: /home/nprange/Desktop/Cpre381/381_project_1/Project 1/cpre381-toolflow/proj/src/TopLevel/MIPS_Processor.vhd Line: 28
    Warning (15610): No output dependent on input pin "iInstAddr[14]" File: /home/nprange/Desktop/Cpre381/381_project_1/Project 1/cpre381-toolflow/proj/src/TopLevel/MIPS_Processor.vhd Line: 28
    Warning (15610): No output dependent on input pin "iInstAddr[15]" File: /home/nprange/Desktop/Cpre381/381_project_1/Project 1/cpre381-toolflow/proj/src/TopLevel/MIPS_Processor.vhd Line: 28
    Warning (15610): No output dependent on input pin "iInstAddr[16]" File: /home/nprange/Desktop/Cpre381/381_project_1/Project 1/cpre381-toolflow/proj/src/TopLevel/MIPS_Processor.vhd Line: 28
    Warning (15610): No output dependent on input pin "iInstAddr[17]" File: /home/nprange/Desktop/Cpre381/381_project_1/Project 1/cpre381-toolflow/proj/src/TopLevel/MIPS_Processor.vhd Line: 28
    Warning (15610): No output dependent on input pin "iInstAddr[18]" File: /home/nprange/Desktop/Cpre381/381_project_1/Project 1/cpre381-toolflow/proj/src/TopLevel/MIPS_Processor.vhd Line: 28
    Warning (15610): No output dependent on input pin "iInstAddr[19]" File: /home/nprange/Desktop/Cpre381/381_project_1/Project 1/cpre381-toolflow/proj/src/TopLevel/MIPS_Processor.vhd Line: 28
    Warning (15610): No output dependent on input pin "iInstAddr[20]" File: /home/nprange/Desktop/Cpre381/381_project_1/Project 1/cpre381-toolflow/proj/src/TopLevel/MIPS_Processor.vhd Line: 28
    Warning (15610): No output dependent on input pin "iInstAddr[21]" File: /home/nprange/Desktop/Cpre381/381_project_1/Project 1/cpre381-toolflow/proj/src/TopLevel/MIPS_Processor.vhd Line: 28
    Warning (15610): No output dependent on input pin "iInstAddr[22]" File: /home/nprange/Desktop/Cpre381/381_project_1/Project 1/cpre381-toolflow/proj/src/TopLevel/MIPS_Processor.vhd Line: 28
    Warning (15610): No output dependent on input pin "iInstAddr[23]" File: /home/nprange/Desktop/Cpre381/381_project_1/Project 1/cpre381-toolflow/proj/src/TopLevel/MIPS_Processor.vhd Line: 28
    Warning (15610): No output dependent on input pin "iInstAddr[24]" File: /home/nprange/Desktop/Cpre381/381_project_1/Project 1/cpre381-toolflow/proj/src/TopLevel/MIPS_Processor.vhd Line: 28
    Warning (15610): No output dependent on input pin "iInstAddr[25]" File: /home/nprange/Desktop/Cpre381/381_project_1/Project 1/cpre381-toolflow/proj/src/TopLevel/MIPS_Processor.vhd Line: 28
    Warning (15610): No output dependent on input pin "iInstAddr[26]" File: /home/nprange/Desktop/Cpre381/381_project_1/Project 1/cpre381-toolflow/proj/src/TopLevel/MIPS_Processor.vhd Line: 28
    Warning (15610): No output dependent on input pin "iInstAddr[27]" File: /home/nprange/Desktop/Cpre381/381_project_1/Project 1/cpre381-toolflow/proj/src/TopLevel/MIPS_Processor.vhd Line: 28
    Warning (15610): No output dependent on input pin "iInstAddr[28]" File: /home/nprange/Desktop/Cpre381/381_project_1/Project 1/cpre381-toolflow/proj/src/TopLevel/MIPS_Processor.vhd Line: 28
    Warning (15610): No output dependent on input pin "iInstAddr[29]" File: /home/nprange/Desktop/Cpre381/381_project_1/Project 1/cpre381-toolflow/proj/src/TopLevel/MIPS_Processor.vhd Line: 28
    Warning (15610): No output dependent on input pin "iInstAddr[30]" File: /home/nprange/Desktop/Cpre381/381_project_1/Project 1/cpre381-toolflow/proj/src/TopLevel/MIPS_Processor.vhd Line: 28
    Warning (15610): No output dependent on input pin "iInstAddr[31]" File: /home/nprange/Desktop/Cpre381/381_project_1/Project 1/cpre381-toolflow/proj/src/TopLevel/MIPS_Processor.vhd Line: 28
Info (21057): Implemented 115659 device resources after synthesis - the final resource count might be different
    Info (21058): Implemented 67 input pins
    Info (21059): Implemented 32 output pins
    Info (21061): Implemented 115560 logic cells
Info: Quartus Prime Analysis & Synthesis was successful. 0 errors, 27 warnings
    Info: Peak virtual memory: 1261 megabytes
    Info: Processing ended: Wed Nov 29 12:40:09 2023
    Info: Elapsed time: 00:02:28
    Info: Total CPU time (on all processors): 00:02:35
Info (125069): Default assignment values were changed in the current version of the Quartus Prime software -- changes to default assignments values are contained in file /usr/local/quartus/22.1/quartus/linux64/assignment_defaults.qdf
Info: *******************************************************************
Info: Running Quartus Prime Fitter
    Info: Version 22.1std.1 Build 917 02/14/2023 SC Standard Edition
    Info: Copyright (C) 2023  Intel Corporation. All rights reserved.
    Info: Your use of Intel Corporation's design tools, logic functions 
    Info: and other software and tools, and any partner logic 
    Info: functions, and any output files from any of the foregoing 
    Info: (including device programming or simulation files), and any 
    Info: associated documentation or information are expressly subject 
    Info: to the terms and conditions of the Intel Program License 
    Info: Subscription Agreement, the Intel Quartus Prime License Agreement,
    Info: the Intel FPGA IP License Agreement, or other applicable license
    Info: agreement, including, without limitation, that your use is for
    Info: the sole purpose of programming logic devices manufactured by
    Info: Intel and sold by Intel or its authorized distributors.  Please
    Info: refer to the applicable agreement for further details, at
    Info: https://fpgasoftware.intel.com/eula.
    Info: Processing started: Wed Nov 29 12:40:10 2023
Info: Command: quartus_fit --read_settings_files=on --write_settings_files=off toolflow -c toolflow
Info: qfit2_default_script.tcl version: #1
Info: Project  = toolflow
Info: Revision = toolflow
Warning (18236): Number of processors has not been specified which may cause overloading on shared machines.  Set the global assignment NUM_PARALLEL_PROCESSORS in your QSF to an appropriate value for best performance.
Info (20030): Parallel compilation is enabled and will use 12 of the 12 processors detected
Info (119006): Selected device EP4CE115F29C7 for design "toolflow"
Info (21076): High junction temperature operating condition is not set. Assuming a default value of '85'.
Info (21076): Low junction temperature operating condition is not set. Assuming a default value of '0'.
Info (171003): Fitter is performing an Auto Fit compilation, which may decrease Fitter effort to reduce compilation time
Info (176444): Device migration not selected. If you intend to use device migration later, you may need to change the pin assignments as they may be incompatible with other devices
    Info (176445): Device EP4CE40F29C7 is compatible
    Info (176445): Device EP4CE40F29I7 is compatible
    Info (176445): Device EP4CE30F29C7 is compatible
    Info (176445): Device EP4CE30F29I7 is compatible
    Info (176445): Device EP4CE55F29C7 is compatible
    Info (176445): Device EP4CE55F29I7 is compatible
    Info (176445): Device EP4CE75F29C7 is compatible
    Info (176445): Device EP4CE75F29I7 is compatible
    Info (176445): Device EP4CE115F29I7 is compatible
Info (169124): Fitter converted 5 user pins into dedicated programming pins
    Info (169125): Pin ~ALTERA_ASDO_DATA1~ is reserved at location F4
    Info (169125): Pin ~ALTERA_FLASH_nCE_nCSO~ is reserved at location E2
    Info (169125): Pin ~ALTERA_DCLK~ is reserved at location P3
    Info (169125): Pin ~ALTERA_DATA0~ is reserved at location N7
    Info (169125): Pin ~ALTERA_nCEO~ is reserved at location P28
Warning (15714): Some pins have incomplete I/O assignments. Refer to the I/O Assignment Warnings report for details
Critical Warning (169085): No exact pin location assignment(s) for 99 pins of 99 total pins. For the list of pins please refer to the I/O Assignment Warnings table in the fitter report.
Info (332104): Reading SDC File: 'toolflow.sdc'
Info (332129): Detected timing requirements -- optimizing circuit to achieve only the specified requirements
Info (332111): Found 1 clocks
    Info (332111):   Period   Clock Name
    Info (332111): ======== ============
    Info (332111):   20.000         iCLK
Info (176353): Automatically promoted node iCLK~input (placed in PIN J1 (CLK1, DIFFCLK_0n)) File: /home/nprange/Desktop/Cpre381/381_project_1/Project 1/cpre381-toolflow/proj/src/TopLevel/MIPS_Processor.vhd Line: 25
    Info (176355): Automatically promoted destinations to use location or clock signal Global Clock CLKCTRL_G2
Info (176353): Automatically promoted node iRST~input (placed in PIN Y2 (CLK2, DIFFCLK_1p)) File: /home/nprange/Desktop/Cpre381/381_project_1/Project 1/cpre381-toolflow/proj/src/TopLevel/MIPS_Processor.vhd Line: 26
    Info (176355): Automatically promoted destinations to use location or clock signal Global Clock CLKCTRL_G4
Info (176233): Starting register packing
Info (176235): Finished register packing
    Extra Info (176219): No registers were packed into other blocks
Info (176214): Statistics of I/O pins that need to be placed that use the same VCCIO and VREF, before I/O pin placement
    Info (176211): Number of I/O pins in group: 97 (unused VREF, 2.5V VCCIO, 65 input, 32 output, 0 bidirectional)
        Info (176212): I/O standards used: 2.5 V.
Info (176215): I/O bank details before I/O pin placement
    Info (176214): Statistics of I/O banks
        Info (176213): I/O bank number 1 does not use VREF pins and has undetermined VCCIO pins. 5 total pin(s) used --  51 pins available
        Info (176213): I/O bank number 2 does not use VREF pins and has undetermined VCCIO pins. 1 total pin(s) used --  62 pins available
        Info (176213): I/O bank number 3 does not use VREF pins and has undetermined VCCIO pins. 0 total pin(s) used --  73 pins available
        Info (176213): I/O bank number 4 does not use VREF pins and has undetermined VCCIO pins. 0 total pin(s) used --  71 pins available
        Info (176213): I/O bank number 5 does not use VREF pins and has undetermined VCCIO pins. 0 total pin(s) used --  65 pins available
        Info (176213): I/O bank number 6 does not use VREF pins and has undetermined VCCIO pins. 1 total pin(s) used --  57 pins available
        Info (176213): I/O bank number 7 does not use VREF pins and has undetermined VCCIO pins. 0 total pin(s) used --  72 pins available
        Info (176213): I/O bank number 8 does not use VREF pins and has undetermined VCCIO pins. 0 total pin(s) used --  71 pins available
Info (171121): Fitter preparation operations ending: elapsed time is 00:00:46
Info (14896): Fitter has disabled Advanced Physical Optimization because it is not supported for the current family.
Info (170189): Fitter placement preparation operations beginning
Info (170190): Fitter placement preparation operations ending: elapsed time is 00:00:10
Info (170191): Fitter placement operations beginning
Info (170137): Fitter placement was successful
Info (170192): Fitter placement operations ending: elapsed time is 00:01:38
Info (170193): Fitter routing operations beginning
Info (170195): Router estimated average interconnect usage is 36% of the available device resources
    Info (170196): Router estimated peak interconnect usage is 66% of the available device resources in the region that extends from location X69_Y37 to location X80_Y48
Info (170199): The Fitter performed an Auto Fit compilation.  Optimizations were skipped to reduce compilation time.
    Info (170201): Optimizations that may affect the design's routability were skipped
Info (170194): Fitter routing operations ending: elapsed time is 00:25:35
Info (11888): Total time spent on timing analysis during the Fitter is 545.00 seconds.
Info (334003): Started post-fitting delay annotation
Info (334004): Delay annotation completed successfully
Info (334003): Started post-fitting delay annotation
Info (334004): Delay annotation completed successfully
Info (11218): Fitter post-fit operations ending: elapsed time is 00:00:16
Info (144001): Generated suppressed messages file /home/nprange/Desktop/Cpre381/381_project_1/Project 1/cpre381-toolflow/internal/QuartusWork/output_files/toolflow.fit.smsg
Info: Quartus Prime Fitter was successful. 0 errors, 3 warnings
    Info: Peak virtual memory: 3498 megabytes
    Info: Processing ended: Wed Nov 29 13:09:11 2023
    Info: Elapsed time: 00:29:01
    Info: Total CPU time (on all processors): 00:39:50
Info: *******************************************************************
Info: Running Quartus Prime Assembler
    Info: Version 22.1std.1 Build 917 02/14/2023 SC Standard Edition
    Info: Copyright (C) 2023  Intel Corporation. All rights reserved.
    Info: Your use of Intel Corporation's design tools, logic functions 
    Info: and other software and tools, and any partner logic 
    Info: functions, and any output files from any of the foregoing 
    Info: (including device programming or simulation files), and any 
    Info: associated documentation or information are expressly subject 
    Info: to the terms and conditions of the Intel Program License 
    Info: Subscription Agreement, the Intel Quartus Prime License Agreement,
    Info: the Intel FPGA IP License Agreement, or other applicable license
    Info: agreement, including, without limitation, that your use is for
    Info: the sole purpose of programming logic devices manufactured by
    Info: Intel and sold by Intel or its authorized distributors.  Please
    Info: refer to the applicable agreement for further details, at
    Info: https://fpgasoftware.intel.com/eula.
    Info: Processing started: Wed Nov 29 13:09:12 2023
Info: Command: quartus_asm --read_settings_files=on --write_settings_files=off toolflow -c toolflow
Info (125069): Default assignment values were changed in the current version of the Quartus Prime software -- changes to default assignments values are contained in file /usr/local/quartus/22.1/quartus/linux64/assignment_defaults.qdf
Warning (18236): Number of processors has not been specified which may cause overloading on shared machines.  Set the global assignment NUM_PARALLEL_PROCESSORS in your QSF to an appropriate value for best performance.
Info (115031): Writing out detailed assembly data for power analysis
Info (115030): Assembler is generating device programming files
Info: Quartus Prime Assembler was successful. 0 errors, 1 warning
    Info: Peak virtual memory: 907 megabytes
    Info: Processing ended: Wed Nov 29 13:09:16 2023
    Info: Elapsed time: 00:00:04
    Info: Total CPU time (on all processors): 00:00:04
