QuestaSim-64 vcom 2023.2_2 Compiler 2023.06 Jun  9 2023
Start time: 17:10:18 on Oct 20,2023
vcom -2008 -work internal/ModelSimContainer/work internal/testpy/tb.vhd proj/src/MIPS_types.vhd proj/src/TopLevel/Adder_N.vhd proj/src/TopLevel/OnesComp.vhd proj/src/TopLevel/nor32.vhd proj/src/TopLevel/ALU.vhd proj/src/TopLevel/newdff.vhd proj/src/TopLevel/mux2t1_5.vhd proj/src/TopLevel/and32.vhd proj/src/TopLevel/sign_extender.vhd proj/src/TopLevel/PCadd4.vhd proj/src/TopLevel/xorg2.vhd proj/src/TopLevel/mux2t1.vhd proj/src/TopLevel/bus_array_type.vhd proj/src/TopLevel/mem.vhd proj/src/TopLevel/comp.vhd proj/src/TopLevel/mux32to1.vhd proj/src/TopLevel/barrelshifter.vhd proj/src/TopLevel/decoder.vhd proj/src/TopLevel/extender.vhd proj/src/TopLevel/org2.vhd proj/src/TopLevel/dffg.vhd proj/src/TopLevel/AdderStructural.vhd proj/src/TopLevel/AddSub.vhd proj/src/TopLevel/nAdder.vhd proj/src/TopLevel/RegisterFile.vhd proj/src/TopLevel/andg2.vhd proj/src/TopLevel/jumpAdd.vhd proj/src/TopLevel/fetchLogic.vhd proj/src/TopLevel/nor32to1.vhd proj/src/TopLevel/invg.vhd proj/src/TopLevel/lui.vhd proj/src/TopLevel/tb_ALU.vhd proj/src/TopLevel/aluctrl.vhd proj/src/TopLevel/Adder.vhd proj/src/TopLevel/tb_nor32to1.vhd proj/src/TopLevel/controlLogic.vhd proj/src/TopLevel/xor32.vhd proj/src/TopLevel/mux2t1_N.vhd proj/src/TopLevel/MIPS_Processor.vhd proj/src/TopLevel/brnchAdd.vhd proj/src/TopLevel/Register32.vhd proj/src/TopLevel/or32.vhd 
-- Loading package STANDARD
-- Loading package TEXTIO
-- Loading package std_logic_1164
-- Loading package std_logic_textio
-- Loading package ENV
-- Compiling entity tb
-- Compiling architecture mixed of tb
-- Compiling package MIPS_types
-- Compiling package body MIPS_types
-- Loading package MIPS_types
-- Compiling entity Adder_N
-- Compiling architecture structure of Adder_N
-- Compiling entity OnesComp
-- Compiling architecture structural of OnesComp
-- Compiling entity nor32
-- Compiling architecture dataflow of nor32
** Error: (vcom-11) Could not find work.bus_array_type.
** Error (suppressible): proj/src/TopLevel/ALU.vhd(3): (vcom-1195) Cannot find expanded name "work.bus_array_type".
** Error: proj/src/TopLevel/ALU.vhd(3): Unknown expanded name.
** Note: proj/src/TopLevel/ALU.vhd(6): VHDL Compiler exiting
End time: 17:10:18 on Oct 20,2023, Elapsed time: 0:00:00
Errors: 3, Warnings: 0
