QuestaSim-64 vcom 2023.2_2 Compiler 2023.06 Jun  9 2023
Start time: 20:22:54 on Nov 16,2023
vcom -2008 -work internal/ModelSimContainer/work internal/testpy/tb.vhd proj/src/MIPS_types.vhd proj/src/TopLevel/RegisterFile.vhd proj/src/TopLevel/and32.vhd proj/src/TopLevel/reg_EX_MEM.vhd proj/src/TopLevel/MIPS_Processor.vhd proj/src/TopLevel/reg_N.vhd proj/src/TopLevel/sign_extender.vhd proj/src/TopLevel/aluctrl.vhd proj/src/TopLevel/brnchAdd.vhd proj/src/TopLevel/nAdder.vhd proj/src/TopLevel/nor32.vhd proj/src/TopLevel/mux32t1.vhd proj/src/TopLevel/mux2t1_N.vhd proj/src/TopLevel/lui.vhd proj/src/TopLevel/barrelshifter.vhd proj/src/TopLevel/comp.vhd proj/src/TopLevel/controlLogic.vhd proj/src/TopLevel/jumpAdd.vhd proj/src/TopLevel/fetchmux.vhd proj/src/TopLevel/xorg2.vhd proj/src/TopLevel/nor32to1.vhd proj/src/TopLevel/dec5t32.vhd proj/src/TopLevel/dffg.vhd proj/src/TopLevel/org2.vhd proj/src/TopLevel/flushandstall.vhd proj/src/TopLevel/datahazard.vhd proj/src/TopLevel/comparator.vhd proj/src/TopLevel/andg2.vhd proj/src/TopLevel/newdff.vhd proj/src/TopLevel/invg.vhd proj/src/TopLevel/ALU.vhd proj/src/TopLevel/extender.vhd proj/src/TopLevel/OnesComp.vhd proj/src/TopLevel/AddSub.vhd proj/src/TopLevel/mem.vhd proj/src/TopLevel/Adder.vhd proj/src/TopLevel/or32.vhd proj/src/TopLevel/mux2t1_5.vhd proj/src/TopLevel/mux2t1.vhd proj/src/TopLevel/reg_ID_EX.vhd proj/src/TopLevel/reg_IF_ID.vhd proj/src/TopLevel/reg_MEM_WB.vhd proj/src/TopLevel/Adder_N.vhd proj/src/TopLevel/PCadd4.vhd proj/src/TopLevel/AdderStructural.vhd proj/src/TopLevel/xor32.vhd 
-- Loading package STANDARD
-- Loading package TEXTIO
-- Loading package std_logic_1164
-- Loading package std_logic_textio
-- Loading package ENV
-- Compiling entity tb
-- Compiling architecture mixed of tb
-- Compiling package MIPS_types
-- Compiling package body MIPS_types
-- Loading package MIPS_types
-- Compiling entity RegisterFile
-- Compiling architecture structure of RegisterFile
-- Compiling entity and32
-- Compiling architecture dataflow of and32
-- Compiling entity reg_EX_MEM
-- Compiling architecture structure of reg_EX_MEM
-- Loading package MIPS_types
-- Compiling entity MIPS_Processor
-- Compiling architecture structure of MIPS_Processor
-- Compiling entity reg_N
-- Compiling architecture structure of reg_N
-- Compiling entity sign_extender
-- Compiling architecture behavior of sign_extender
-- Compiling entity aluctrl
-- Compiling architecture behavior of aluctrl
-- Compiling entity brnchAdd
-- Compiling architecture mixed of brnchAdd
-- Compiling entity nAdder
-- Compiling architecture structure of nAdder
-- Compiling entity nor32
-- Compiling architecture dataflow of nor32
-- Compiling entity mux32t1
-- Compiling architecture o_Out of mux32t1
-- Compiling entity mux2t1_N
-- Compiling architecture dataflow of mux2t1_N
-- Compiling entity lui
-- Compiling architecture dataflow of lui
-- Loading package NUMERIC_STD
-- Compiling entity barrelshifter
-- Compiling architecture dataflow of barrelshifter
-- Compiling entity comp
-- Compiling architecture dataflow of comp
-- Compiling entity CntLogic
-- Compiling architecture mixed of CntLogic
-- Compiling entity jumpAdd
-- Compiling architecture dataflow of jumpAdd
-- Compiling entity fetchmux
-- Compiling architecture behavioral of fetchmux
-- Compiling entity xorg2
-- Compiling architecture dataflow of xorg2
-- Compiling entity nor32to1
-- Compiling architecture behavior of nor32to1
-- Compiling entity dec5t32
-- Compiling architecture o_O of dec5t32
-- Compiling entity dffg
-- Compiling architecture mixed of dffg
-- Compiling entity org2
-- Compiling architecture dataflow of org2
-- Compiling entity flushandstall
-- Compiling architecture dataflow of flushandstall
-- Compiling entity datahazard
-- Compiling architecture behavioral of datahazard
-- Compiling entity comparator
-- Compiling architecture behavior of comparator
-- Compiling entity andg2
-- Compiling architecture dataflow of andg2
-- Compiling entity newdff
-- Compiling architecture mixed of newdff
-- Compiling entity invg
-- Compiling architecture dataflow of invg
-- Compiling entity ALU
-- Compiling architecture structure of ALU
-- Compiling entity extender
-- Compiling architecture dataflow of extender
-- Compiling entity OnesComp
-- Compiling architecture structural of OnesComp
-- Compiling entity AddSub
-- Compiling architecture structure of AddSub
-- Compiling entity mem
-- Compiling architecture rtl of mem
-- Compiling entity Adder
-- Compiling architecture structure of Adder
-- Compiling entity or32
-- Compiling architecture dataflow of or32
-- Compiling entity mux2t1_5
-- Compiling architecture dataflow of mux2t1_5
-- Compiling entity mux2t1
-- Compiling architecture structure of mux2t1
-- Compiling entity reg_ID_EX
-- Compiling architecture mixed of reg_ID_EX
-- Compiling entity reg_IF_ID
-- Compiling architecture mixed of reg_IF_ID
-- Compiling entity reg_MEM_WB
-- Compiling architecture structure of reg_MEM_WB
-- Compiling entity Adder_N
-- Compiling architecture structure of Adder_N
-- Compiling entity PCandAdd
-- Compiling architecture mixed of PCandAdd
-- Compiling entity AdderStructural
-- Compiling architecture structure of AdderStructural
-- Compiling entity xor32
-- Compiling architecture dataflow of xor32
End time: 20:22:54 on Nov 16,2023, Elapsed time: 0:00:00
Errors: 0, Warnings: 0
