In clock cycle: 4
Register Write to Reg: 0x00 Val: 0x00000000
In clock cycle: 5
Register Write to Reg: 0x09 Val: 0xFFFFFFFF
In clock cycle: 6
Register Write to Reg: 0x0A Val: 0x00000001
In clock cycle: 7
Register Write to Reg: 0x09 Val: 0xFFFFFFFE
In clock cycle: 8
Register Write to Reg: 0x09 Val: 0xFFFFFFFE
In clock cycle: 9
Register Write to Reg: 0x01 Val: 0x0F000000
In clock cycle: 10
Register Write to Reg: 0x0A Val: 0x0F000000
In clock cycle: 11
Register Write to Reg: 0x09 Val: 0xF0FFFFFE
In clock cycle: 12
Register Write to Reg: 0x0A Val: 0x0000F000
In clock cycle: 13
Register Write to Reg: 0x09 Val: 0xF0FF0FFE
Execution is stopping! Clock Cycle: 14
