In clock cycle: 4
Register Write to Reg: 0x00 Val: 0x00000000
In clock cycle: 5
Register Write to Reg: 0x10 Val: 0x00000000
In clock cycle: 6
Register Write to Reg: 0x1F Val: 0x00400008
In clock cycle: 7
Register Write to Reg: 0x00 Val: 0x00000000
In clock cycle: 8
Register Write to Reg: 0x10 Val: 0x00000001
In clock cycle: 10
Register Write to Reg: 0x00 Val: 0x00000000
In clock cycle: 11
Register Write to Reg: 0x1F Val: 0x0040000C
In clock cycle: 12
Register Write to Reg: 0x00 Val: 0x00000000
In clock cycle: 13
Register Write to Reg: 0x10 Val: 0x00000002
In clock cycle: 15
Register Write to Reg: 0x00 Val: 0x00000000
In clock cycle: 16
Register Write to Reg: 0x1F Val: 0x00400010
In clock cycle: 17
Register Write to Reg: 0x00 Val: 0x00000000
In clock cycle: 18
Register Write to Reg: 0x10 Val: 0x00000003
In clock cycle: 20
Register Write to Reg: 0x00 Val: 0x00000000
In clock cycle: 22
Register Write to Reg: 0x00 Val: 0x00000000
Execution is stopping! Clock Cycle: 23
