Reading pref.tcl

# 2023.2_2

# vsim -postsimdataflow -debugdb -c -voptargs=""+acc"" tb -do "modelsim_framework.do" -gOUTPUT_TRACE=ms.trace 
# Start time: 20:28:06 on Nov 16,2023
# ** Note: (vsim-8009) Loading existing optimized design _opt
# //  Questa Sim-64
# //  Version 2023.2_2 linux_x86_64 Jun  9 2023
# //
# //  Copyright 1991-2023 Mentor Graphics Corporation
# //  All Rights Reserved.
# //
# //  QuestaSim and its associated documentation contain trade
# //  secrets and commercial or financial information that are the property of
# //  Mentor Graphics Corporation and are privileged, confidential,
# //  and exempt from disclosure under the Freedom of Information Act,
# //  5 U.S.C. Section 552. Furthermore, this information
# //  is prohibited from disclosure under the Trade Secrets Act,
# //  18 U.S.C. Section 1905.
# //
# Loading std.standard
# Loading std.textio(body)
# Loading ieee.std_logic_1164(body)
# Loading ieee.std_logic_textio(body)
# Loading std.env(body)
# Loading work.tb(mixed)#1
# Loading work.mips_types(body)
# Loading work.mips_processor(structure)#1
# Loading ieee.numeric_std(body)
# Loading work.mem(rtl)#1
# Loading work.pcandadd(mixed)#1
# Loading work.newdff(mixed)#1
# Loading work.adder_n(structure)#1
# Loading work.adder(structure)#1
# Loading work.reg_if_id(mixed)#1
# Loading work.reg_n(structure)#1
# Loading work.dffg(mixed)#1
# Loading work.registerfile(structure)#1
# Loading work.dec5t32(o_o)#1
# Loading work.mux32t1(o_out)#1
# Loading work.cntlogic(mixed)#1
# Loading work.extender(dataflow)#1
# Loading work.mux2t1_5(dataflow)#1
# Loading work.jumpadd(dataflow)#1
# Loading work.brnchadd(mixed)#1
# Loading work.fetchmux(behavioral)#1
# Loading work.mux2t1_n(dataflow)#1
# Loading work.comparator(behavior)#1
# Loading work.flushandstall(dataflow)#1
# Loading work.reg_id_ex(mixed)#1
# Loading work.reg_n(structure)#2
# Loading work.reg_n(structure)#3
# Loading work.reg_n(structure)#4
# Loading work.alu(structure)#1
# Loading work.and32(dataflow)#1
# Loading work.or32(dataflow)#1
# Loading work.nor32(dataflow)#1
# Loading work.xor32(dataflow)#1
# Loading work.lui(dataflow)#1
# Loading work.aluctrl(behavior)#1
# Loading work.addsub(structure)#1
# Loading work.onescomp(structural)#1
# Loading work.invg(dataflow)#1
# Loading work.nadder(structure)#1
# Loading work.adderstructural(structure)#1
# Loading work.xorg2(dataflow)#1
# Loading work.andg2(dataflow)#1
# Loading work.org2(dataflow)#1
# Loading work.barrelshifter(dataflow)#1
# Loading work.comp(dataflow)#1
# Loading work.nor32to1(behavior)#1
# Loading work.reg_ex_mem(structure)#1
# Loading work.reg_mem_wb(structure)#1
# Loading work.datahazard(behavioral)#1
# ** Note: (vsim-8716) Reusing existing debug database vsim.dbg.
# do modelsim_framework.do
# ** Warning: NUMERIC_STD.TO_INTEGER: metavalue detected, returning 0
#    Time: 0 ns  Iteration: 0  Instance: /tb/MyMips/DMem
# ** Warning: NUMERIC_STD.TO_INTEGER: metavalue detected, returning 0
#    Time: 0 ns  Iteration: 0  Instance: /tb/MyMips/IMem
# ** Warning: NUMERIC_STD.TO_INTEGER: metavalue detected, returning 0
#    Time: 5 ns  Iteration: 4  Instance: /tb/MyMips/g_ALU/g_shifter
# ** Note: Data structure takes 58551608 bytes of memory
#          Process time 0.03 seconds
#          stop
#    Time: 160 ns  Iteration: 1  Instance: /tb
# Break in Process P_DUMP_STATE at /home/rcook/Documents/cpre381/project 1/cpre381-toolflow(1)/cpre381-toolflow/381_project_1/Project 2/Hardware/cpre381-toolflow/internal/testpy/tb.vhd line 146
# Stopped at /home/rcook/Documents/cpre381/project 1/cpre381-toolflow(1)/cpre381-toolflow/381_project_1/Project 2/Hardware/cpre381-toolflow/internal/testpy/tb.vhd line 146
# End time: 20:28:06 on Nov 16,2023, Elapsed time: 0:00:00
# Errors: 0, Warnings: 3
